<?xml version="1.0" encoding="UTF-8"?>
<!-- Generated by org.testng.reporters.JUnitXMLReporter -->
<testsuite hostname="Ansh-PC" name="Test1" tests="12" failures="0" timestamp="13 Jun 2018 14:47:03 GMT" time="191.936" errors="0">
  <testcase name="verify_login" time="2.665" classname="com.PageLibrary.com.Randford.TestExecution"/>
  <testcase name="verify_roleCreation" time="16.093" classname="com.PageLibrary.com.Randford.TestExecution"/>
  <testcase name="verify_roleCreation" time="1.428" classname="com.PageLibrary.com.Randford.TestExecution"/>
  <testcase name="verify_roleCreation" time="0.027" classname="com.PageLibrary.com.Randford.TestExecution"/>
  <testcase name="verify_roleCreation" time="0.008" classname="com.PageLibrary.com.Randford.TestExecution"/>
  <testcase name="verify_roleCreation" time="0.011" classname="com.PageLibrary.com.Randford.TestExecution"/>
  <testcase name="verify_roleCreation" time="0.008" classname="com.PageLibrary.com.Randford.TestExecution"/>
  <testcase name="verify_roleCreation" time="0.032" classname="com.PageLibrary.com.Randford.TestExecution"/>
  <testcase name="verify_roleCreation" time="0.126" classname="com.PageLibrary.com.Randford.TestExecution"/>
  <testcase name="verify_roleCreation" time="0.015" classname="com.PageLibrary.com.Randford.TestExecution"/>
  <testcase name="verify_roleCreation" time="0.009" classname="com.PageLibrary.com.Randford.TestExecution"/>
  <testcase name="verify_roleCreation" time="0.009" classname="com.PageLibrary.com.Randford.TestExecution"/>
</testsuite> <!-- Test1 -->
