<?xml version="1.0" encoding="UTF-8"?>
<!-- Generated by org.testng.reporters.JUnitXMLReporter -->
<testsuite hostname="Ansh-PC" name="Test" tests="3" failures="0" timestamp="13 Jun 2018 20:41:54 GMT" time="87.89" errors="0">
  <testcase name="verify_login" time="1.469" classname="com.PageLibrary.com.Randford.TestExecution"/>
  <testcase name="branch_excelConnection" time="29.574" classname="com.PageLibrary.com.Randford.TestExecution"/>
  <testcase name="role_excelConnection" time="26.605" classname="com.PageLibrary.com.Randford.TestExecution"/>
</testsuite> <!-- Test -->
