<?xml version="1.0" encoding="UTF-8"?>
<testng-results skipped="0" failed="0" total="3" passed="3">
  <reporter-output>
    <line>
      <![CDATA[Launch test is passed]]>
    </line>
    <line>
      <![CDATA[Login test is passed]]>
    </line>
  </reporter-output>
  <suite name="Suite" duration-ms="156701" started-at="2018-06-15T19:04:45Z" finished-at="2018-06-15T19:07:22Z">
    <groups>
    </groups>
    <test name="Test" duration-ms="156701" started-at="2018-06-15T19:04:45Z" finished-at="2018-06-15T19:07:22Z">
      <class name="com.PageLibrary.com.Randford.TestExecution">
        <test-method status="PASS" signature="verify_launch(java.lang.String)[pri:0, instance:com.PageLibrary.com.Randford.TestExecution@3498ed]" name="verify_launch" is-config="true" duration-ms="68770" started-at="2018-06-16T00:34:45Z" finished-at="2018-06-16T00:35:54Z">
          <params>
            <param index="0">
              <value>
                <![CDATA[chrome]]>
              </value>
            </param>
          </params>
          <reporter-output>
            <line>
              <![CDATA[Launch test is passed]]>
            </line>
          </reporter-output>
        </test-method> <!-- verify_launch -->
        <test-method status="PASS" signature="verify_login()[pri:1, instance:com.PageLibrary.com.Randford.TestExecution@3498ed]" name="verify_login" duration-ms="7503" started-at="2018-06-16T00:35:54Z" finished-at="2018-06-16T00:36:02Z">
          <reporter-output>
            <line>
              <![CDATA[Login test is passed]]>
            </line>
          </reporter-output>
        </test-method> <!-- verify_login -->
        <test-method status="PASS" signature="branch_excelConnection()[pri:2, instance:com.PageLibrary.com.Randford.TestExecution@3498ed]" name="branch_excelConnection" duration-ms="50840" started-at="2018-06-16T00:36:02Z" finished-at="2018-06-16T00:36:52Z">
          <reporter-output>
          </reporter-output>
        </test-method> <!-- branch_excelConnection -->
        <test-method status="PASS" signature="role_excelConnection()[pri:3, instance:com.PageLibrary.com.Randford.TestExecution@3498ed]" name="role_excelConnection" duration-ms="29549" started-at="2018-06-16T00:36:52Z" finished-at="2018-06-16T00:37:22Z">
          <reporter-output>
          </reporter-output>
        </test-method> <!-- role_excelConnection -->
      </class> <!-- com.PageLibrary.com.Randford.TestExecution -->
    </test> <!-- Test -->
  </suite> <!-- Suite -->
</testng-results>
