<?xml version="1.0" encoding="UTF-8"?>
<!-- Generated by org.testng.reporters.JUnitXMLReporter -->
<testsuite hostname="Ansh-PC" name="Default test(failed)" tests="1" failures="1" timestamp="5 Jun 2018 12:19:22 GMT" time="0.043" errors="0">
  <testcase name="verify_edit" time="0.024" classname="com.PageLibrary.com.Randford.TestExecution">
    <failure type="java.lang.NullPointerException">
      <![CDATA[java.lang.NullPointerException
	at com.PageLibrary.com.Randford.AdminPage.branches_link(AdminPage.java:11)
	at com.PageLibrary.com.Randford.Repository.editTable(Repository.java:92)
	at com.PageLibrary.com.Randford.TestExecution.verify_edit(TestExecution.java:36)
... Removed 24 stack frames]]>
    </failure>
  </testcase> <!-- verify_edit -->
</testsuite> <!-- Default test(failed) -->
