<?xml version="1.0" encoding="UTF-8"?>
<!-- Generated by org.testng.reporters.JUnitXMLReporter -->
<testsuite hostname="Ansh-PC" name="Test" tests="3" failures="0" timestamp="15 Jun 2018 19:07:22 GMT" time="156.701" errors="0">
  <testcase name="verify_login" time="7.503" classname="com.PageLibrary.com.Randford.TestExecution"/>
  <testcase name="branch_excelConnection" time="50.84" classname="com.PageLibrary.com.Randford.TestExecution"/>
  <testcase name="role_excelConnection" time="29.549" classname="com.PageLibrary.com.Randford.TestExecution"/>
</testsuite> <!-- Test -->
